2025-08-26 10:13:44,006 INFO *******Starting function ['G:\\square_box\\appsource\\mck_website\\views.py'] : HomePage.get
2025-08-26 10:13:44,021 INFO <QueryDict: {}>
2025-08-26 10:13:44,640 INFO *******Finished function ['G:\\square_box\\appsource\\mck_website\\views.py'] : HomePage.get in 0:00:00.634785 seconds
2025-08-26 10:16:10,567 INFO *******Starting function ['G:\\square_box\\appsource\\mck_website\\views.py'] : HomePage.get
2025-08-26 10:16:10,568 INFO <QueryDict: {}>
2025-08-26 10:16:10,636 INFO *******Finished function ['G:\\square_box\\appsource\\mck_website\\views.py'] : HomePage.get in 0:00:00.068967 seconds
2025-08-26 10:17:33,982 INFO *******Starting function ['G:\\square_box\\appsource\\mck_website\\views.py'] : HomePage.get
2025-08-26 10:17:33,983 INFO <QueryDict: {}>
2025-08-26 10:17:34,037 INFO *******Finished function ['G:\\square_box\\appsource\\mck_website\\views.py'] : HomePage.get in 0:00:00.055369 seconds
2025-08-26 10:17:55,479 INFO *******Starting function ['G:\\square_box\\appsource\\mck_website\\views.py'] : PropertyCreatePage.get
2025-08-26 10:17:55,479 INFO <QueryDict: {}>
2025-08-26 10:17:55,613 INFO *******Finished function ['G:\\square_box\\appsource\\mck_website\\views.py'] : PropertyCreatePage.get in 0:00:00.134218 seconds
2025-08-26 10:18:58,190 INFO *******Starting function ['G:\\square_box\\appsource\\mck_website\\views.py'] : HomePage.get
2025-08-26 10:18:58,191 INFO <QueryDict: {}>
2025-08-26 10:18:58,235 INFO *******Finished function ['G:\\square_box\\appsource\\mck_website\\views.py'] : HomePage.get in 0:00:00.044824 seconds
2025-08-26 10:19:23,459 INFO *******Starting function ['G:\\square_box\\appsource\\mck_website\\views.py'] : PropertyCreatePage.get
2025-08-26 10:19:23,459 INFO <QueryDict: {}>
2025-08-26 10:19:23,497 INFO *******Finished function ['G:\\square_box\\appsource\\mck_website\\views.py'] : PropertyCreatePage.get in 0:00:00.038157 seconds
2025-08-26 10:23:15,171 INFO *******Starting function ['G:\\square_box\\appsource\\mck_website\\views.py'] : HomePage.get
2025-08-26 10:23:15,171 INFO <QueryDict: {}>
2025-08-26 10:23:15,263 INFO *******Finished function ['G:\\square_box\\appsource\\mck_website\\views.py'] : HomePage.get in 0:00:00.091690 seconds
2025-08-26 10:24:24,798 INFO *******Starting function ['G:\\square_box\\appsource\\mck_website\\views.py'] : HomePage.get
2025-08-26 10:24:24,800 INFO <QueryDict: {}>
2025-08-26 10:24:24,860 INFO *******Finished function ['G:\\square_box\\appsource\\mck_website\\views.py'] : HomePage.get in 0:00:00.061697 seconds
2025-08-26 10:24:41,971 INFO *******Starting function ['G:\\square_box\\appsource\\mck_website\\views.py'] : PropertyCreatePage.get
2025-08-26 10:24:41,972 INFO <QueryDict: {}>
2025-08-26 10:24:42,070 INFO *******Finished function ['G:\\square_box\\appsource\\mck_website\\views.py'] : PropertyCreatePage.get in 0:00:00.098770 seconds
2025-08-26 10:24:45,899 INFO *******Starting function ['G:\\square_box\\appsource\\mck_website\\views.py'] : PropertyCreatePage.get
2025-08-26 10:24:45,901 INFO <QueryDict: {'furnishing': ['Furnished']}>
2025-08-26 10:24:45,925 INFO *******Finished function ['G:\\square_box\\appsource\\mck_website\\views.py'] : PropertyCreatePage.get in 0:00:00.025870 seconds
2025-08-26 10:24:57,443 INFO *******Starting function ['G:\\square_box\\appsource\\mck_website\\views.py'] : HomePage.get
2025-08-26 10:24:57,445 INFO <QueryDict: {}>
2025-08-26 10:24:57,477 INFO *******Finished function ['G:\\square_box\\appsource\\mck_website\\views.py'] : HomePage.get in 0:00:00.033985 seconds
2025-08-26 10:25:20,780 INFO *******Starting function ['G:\\square_box\\appsource\\mck_website\\views.py'] : HomePage.get
2025-08-26 10:25:20,781 INFO <QueryDict: {}>
2025-08-26 10:25:20,824 INFO *******Finished function ['G:\\square_box\\appsource\\mck_website\\views.py'] : HomePage.get in 0:00:00.044623 seconds
2025-08-26 10:26:22,866 INFO *******Starting function ['G:\\square_box\\appsource\\mck_website\\views.py'] : HomePage.get
2025-08-26 10:26:22,867 INFO <QueryDict: {}>
2025-08-26 10:26:22,932 INFO *******Finished function ['G:\\square_box\\appsource\\mck_website\\views.py'] : HomePage.get in 0:00:00.065470 seconds
2025-08-26 10:28:04,393 INFO *******Starting function ['G:\\square_box\\appsource\\mck_website\\views.py'] : PropertyCreatePage.get
2025-08-26 10:28:04,393 INFO <QueryDict: {'furnishing': ['Furnished']}>
2025-08-26 10:28:04,418 INFO *******Finished function ['G:\\square_box\\appsource\\mck_website\\views.py'] : PropertyCreatePage.get in 0:00:00.024934 seconds
2025-08-26 10:28:05,273 INFO *******Starting function ['G:\\square_box\\appsource\\mck_website\\views.py'] : PropertyCreatePage.get
2025-08-26 10:28:05,273 INFO <QueryDict: {}>
2025-08-26 10:28:05,296 INFO *******Finished function ['G:\\square_box\\appsource\\mck_website\\views.py'] : PropertyCreatePage.get in 0:00:00.023291 seconds
2025-08-26 10:28:06,526 INFO *******Starting function ['G:\\square_box\\appsource\\mck_website\\views.py'] : PropertyLegalServicesPage.get
2025-08-26 10:28:06,526 INFO <QueryDict: {}>
2025-08-26 10:28:06,580 INFO *******Finished function ['G:\\square_box\\appsource\\mck_website\\views.py'] : PropertyLegalServicesPage.get in 0:00:00.054162 seconds
2025-08-26 10:28:42,586 INFO *******Starting function ['G:\\square_box\\appsource\\mck_website\\views.py'] : HomePage.get
2025-08-26 10:28:42,586 INFO <QueryDict: {}>
2025-08-26 10:28:42,627 INFO *******Finished function ['G:\\square_box\\appsource\\mck_website\\views.py'] : HomePage.get in 0:00:00.040400 seconds
2025-08-26 10:30:51,125 INFO *******Starting function ['G:\\square_box\\appsource\\mck_website\\views.py'] : HomePage.get
2025-08-26 10:30:51,126 INFO <QueryDict: {}>
2025-08-26 10:30:51,204 INFO *******Finished function ['G:\\square_box\\appsource\\mck_website\\views.py'] : HomePage.get in 0:00:00.079252 seconds
2025-08-26 10:35:21,754 INFO *******Starting function ['G:\\square_box\\appsource\\mck_website\\views.py'] : HomePage.get
2025-08-26 10:35:21,754 INFO <QueryDict: {}>
2025-08-26 10:35:21,789 ERROR Function 'HomePage.get' raised NoReverseMatch with error 'Reverse for 'property_detail' with arguments '('',)' not found. 1 pattern(s) tried: ['property\\-details/(?P<pk>[0-9]+)/\\Z']'
2025-08-26 10:36:51,037 INFO *******Starting function ['G:\\square_box\\appsource\\mck_website\\views.py'] : HomePage.get
2025-08-26 10:36:51,037 INFO <QueryDict: {}>
2025-08-26 10:36:51,086 ERROR Function 'HomePage.get' raised NoReverseMatch with error 'Reverse for 'property_detail' with arguments '('',)' not found. 1 pattern(s) tried: ['property\\-details/(?P<pk>[0-9]+)/\\Z']'
2025-08-26 10:37:15,299 INFO *******Starting function ['G:\\square_box\\appsource\\mck_website\\views.py'] : HomePage.get
2025-08-26 10:37:15,299 INFO <QueryDict: {}>
2025-08-26 10:37:15,371 INFO *******Finished function ['G:\\square_box\\appsource\\mck_website\\views.py'] : HomePage.get in 0:00:00.072125 seconds
2025-08-26 10:37:19,536 INFO *******Starting function ['G:\\square_box\\appsource\\mck_website\\views.py'] : HomePage.get
2025-08-26 10:37:19,536 INFO <QueryDict: {}>
2025-08-26 10:37:19,556 INFO *******Finished function ['G:\\square_box\\appsource\\mck_website\\views.py'] : HomePage.get in 0:00:00.019681 seconds
2025-08-26 10:37:58,085 INFO *******Starting function ['G:\\square_box\\appsource\\mck_website\\views.py'] : HomePage.get
2025-08-26 10:37:58,085 INFO <QueryDict: {}>
2025-08-26 10:37:58,172 INFO *******Finished function ['G:\\square_box\\appsource\\mck_website\\views.py'] : HomePage.get in 0:00:00.086190 seconds
2025-08-26 10:42:50,252 INFO *******Starting function ['G:\\square_box\\appsource\\mck_website\\views.py'] : HomePage.get
2025-08-26 10:42:50,252 INFO <QueryDict: {}>
2025-08-26 10:42:50,346 INFO *******Finished function ['G:\\square_box\\appsource\\mck_website\\views.py'] : HomePage.get in 0:00:00.093869 seconds
2025-08-26 10:43:39,842 INFO *******Starting function ['G:\\square_box\\appsource\\mck_website\\views.py'] : HomePage.get
2025-08-26 10:43:39,843 INFO <QueryDict: {}>
2025-08-26 10:43:39,923 INFO *******Finished function ['G:\\square_box\\appsource\\mck_website\\views.py'] : HomePage.get in 0:00:00.080762 seconds
2025-08-26 10:43:59,692 INFO *******Starting function ['G:\\square_box\\appsource\\mck_website\\views.py'] : HomePage.get
2025-08-26 10:43:59,693 INFO <QueryDict: {}>
2025-08-26 10:43:59,717 INFO *******Finished function ['G:\\square_box\\appsource\\mck_website\\views.py'] : HomePage.get in 0:00:00.025578 seconds
2025-08-26 10:44:34,827 INFO *******Starting function ['G:\\square_box\\appsource\\mck_website\\views.py'] : HomePage.get
2025-08-26 10:44:34,827 INFO <QueryDict: {}>
2025-08-26 10:44:34,918 INFO *******Finished function ['G:\\square_box\\appsource\\mck_website\\views.py'] : HomePage.get in 0:00:00.091533 seconds
2025-08-26 10:45:57,082 INFO *******Starting function ['G:\\square_box\\appsource\\mck_website\\views.py'] : HomePage.get
2025-08-26 10:45:57,083 INFO <QueryDict: {}>
2025-08-26 10:45:57,170 INFO *******Finished function ['G:\\square_box\\appsource\\mck_website\\views.py'] : HomePage.get in 0:00:00.088233 seconds
2025-08-26 10:46:28,712 INFO *******Starting function ['G:\\square_box\\appsource\\mck_website\\views.py'] : HomePage.get
2025-08-26 10:46:28,712 INFO <QueryDict: {}>
2025-08-26 10:46:28,796 INFO *******Finished function ['G:\\square_box\\appsource\\mck_website\\views.py'] : HomePage.get in 0:00:00.084252 seconds
2025-08-26 10:46:43,311 INFO *******Starting function ['G:\\square_box\\appsource\\mck_website\\views.py'] : HomePage.get
2025-08-26 10:46:43,311 INFO <QueryDict: {}>
2025-08-26 10:46:43,364 INFO *******Finished function ['G:\\square_box\\appsource\\mck_website\\views.py'] : HomePage.get in 0:00:00.053331 seconds
2025-08-26 10:50:02,447 INFO *******Starting function ['G:\\square_box\\appsource\\mck_website\\views.py'] : HomePage.get
2025-08-26 10:50:02,448 INFO <QueryDict: {}>
2025-08-26 10:50:02,534 INFO *******Finished function ['G:\\square_box\\appsource\\mck_website\\views.py'] : HomePage.get in 0:00:00.087541 seconds
2025-08-26 10:52:56,668 INFO *******Starting function ['G:\\square_box\\appsource\\mck_website\\views.py'] : HomePage.get
2025-08-26 10:52:56,668 INFO <QueryDict: {}>
2025-08-26 10:52:56,769 INFO *******Finished function ['G:\\square_box\\appsource\\mck_website\\views.py'] : HomePage.get in 0:00:00.100678 seconds
2025-08-26 10:55:25,734 INFO *******Starting function ['G:\\square_box\\appsource\\mck_website\\views.py'] : HomePage.get
2025-08-26 10:55:25,735 INFO <QueryDict: {}>
2025-08-26 10:55:25,806 INFO *******Finished function ['G:\\square_box\\appsource\\mck_website\\views.py'] : HomePage.get in 0:00:00.072481 seconds
2025-08-26 10:57:37,580 INFO *******Starting function ['G:\\square_box\\appsource\\mck_website\\views.py'] : HomePage.get
2025-08-26 10:57:37,580 INFO <QueryDict: {}>
2025-08-26 10:57:37,666 INFO *******Finished function ['G:\\square_box\\appsource\\mck_website\\views.py'] : HomePage.get in 0:00:00.086352 seconds
2025-08-26 11:00:57,525 INFO *******Starting function ['G:\\square_box\\appsource\\mck_website\\views.py'] : HomePage.get
2025-08-26 11:00:57,526 INFO <QueryDict: {}>
2025-08-26 11:00:57,711 INFO *******Finished function ['G:\\square_box\\appsource\\mck_website\\views.py'] : HomePage.get in 0:00:00.186793 seconds
2025-08-26 11:18:41,122 INFO *******Starting function ['G:\\square_box\\appsource\\mck_website\\views.py'] : HomePage.get
2025-08-26 11:18:41,138 INFO <QueryDict: {}>
2025-08-26 11:18:41,394 INFO *******Finished function ['G:\\square_box\\appsource\\mck_website\\views.py'] : HomePage.get in 0:00:00.271748 seconds
2025-08-26 11:19:18,953 INFO *******Starting function ['G:\\square_box\\appsource\\mck_website\\views.py'] : HomePage.get
2025-08-26 11:19:18,953 INFO <QueryDict: {}>
2025-08-26 11:19:19,038 INFO *******Finished function ['G:\\square_box\\appsource\\mck_website\\views.py'] : HomePage.get in 0:00:00.085137 seconds
2025-08-26 11:19:49,684 INFO *******Starting function ['G:\\square_box\\appsource\\mck_website\\views.py'] : PropertyCreatePage.get
2025-08-26 11:19:49,684 INFO <QueryDict: {'furnishing': ['Furnished']}>
2025-08-26 11:19:49,795 INFO *******Finished function ['G:\\square_box\\appsource\\mck_website\\views.py'] : PropertyCreatePage.get in 0:00:00.110977 seconds
2025-08-26 11:19:58,600 INFO *******Starting function ['G:\\square_box\\appsource\\mck_website\\views.py'] : HomePage.get
2025-08-26 11:19:58,602 INFO <QueryDict: {}>
2025-08-26 11:19:58,625 INFO *******Finished function ['G:\\square_box\\appsource\\mck_website\\views.py'] : HomePage.get in 0:00:00.024320 seconds
2025-08-26 11:41:58,749 INFO *******Starting function ['G:\\square_box\\appsource\\mck_website\\views.py'] : HomePage.get
2025-08-26 11:41:58,750 INFO <QueryDict: {}>
2025-08-26 11:41:58,792 INFO *******Finished function ['G:\\square_box\\appsource\\mck_website\\views.py'] : HomePage.get in 0:00:00.043333 seconds
2025-08-26 11:42:06,776 INFO *******Starting function ['G:\\square_box\\appsource\\mck_website\\views.py'] : PropertyCreatePage.get
2025-08-26 11:42:06,776 INFO <QueryDict: {}>
2025-08-26 11:42:06,802 INFO *******Finished function ['G:\\square_box\\appsource\\mck_website\\views.py'] : PropertyCreatePage.get in 0:00:00.026232 seconds
2025-08-26 11:43:11,994 INFO *******Starting function ['G:\\square_box\\appsource\\mck_website\\views.py'] : HomePage.get
2025-08-26 11:43:11,996 INFO <QueryDict: {}>
2025-08-26 11:43:12,021 INFO *******Finished function ['G:\\square_box\\appsource\\mck_website\\views.py'] : HomePage.get in 0:00:00.026985 seconds
2025-08-26 11:44:34,965 INFO *******Starting function ['G:\\square_box\\appsource\\mck_website\\views.py'] : HomePage.get
2025-08-26 11:44:34,970 INFO <QueryDict: {}>
2025-08-26 11:44:34,995 INFO *******Finished function ['G:\\square_box\\appsource\\mck_website\\views.py'] : HomePage.get in 0:00:00.029638 seconds
2025-08-26 11:44:37,582 INFO *******Starting function ['G:\\square_box\\appsource\\mck_website\\views.py'] : PropertyLegalServicesPage.get
2025-08-26 11:44:37,583 INFO <QueryDict: {}>
2025-08-26 11:44:37,621 INFO *******Finished function ['G:\\square_box\\appsource\\mck_website\\views.py'] : PropertyLegalServicesPage.get in 0:00:00.039095 seconds
2025-08-26 11:44:39,233 INFO *******Starting function ['G:\\square_box\\appsource\\mck_website\\views.py'] : PropertyLegalServicesPage.get
2025-08-26 11:44:39,233 INFO <QueryDict: {}>
2025-08-26 11:44:39,236 INFO *******Finished function ['G:\\square_box\\appsource\\mck_website\\views.py'] : PropertyLegalServicesPage.get in 0:00:00.002999 seconds
2025-08-26 11:44:41,114 INFO *******Starting function ['G:\\square_box\\appsource\\mck_website\\views.py'] : HomePage.get
2025-08-26 11:44:41,118 INFO <QueryDict: {}>
2025-08-26 11:44:41,144 INFO *******Finished function ['G:\\square_box\\appsource\\mck_website\\views.py'] : HomePage.get in 0:00:00.029814 seconds
2025-08-26 11:44:43,146 INFO *******Starting function ['G:\\square_box\\appsource\\mck_website\\views.py'] : PropertyLegalServicesPage.get
2025-08-26 11:44:43,146 INFO <QueryDict: {}>
2025-08-26 11:44:43,150 INFO *******Finished function ['G:\\square_box\\appsource\\mck_website\\views.py'] : PropertyLegalServicesPage.get in 0:00:00.003380 seconds
2025-08-26 11:44:54,166 INFO *******Starting function ['G:\\square_box\\appsource\\mck_website\\views.py'] : HomePage.get
2025-08-26 11:44:54,167 INFO <QueryDict: {}>
2025-08-26 11:44:54,195 INFO *******Finished function ['G:\\square_box\\appsource\\mck_website\\views.py'] : HomePage.get in 0:00:00.029039 seconds
2025-08-26 11:46:17,844 INFO *******Starting function ['G:\\square_box\\appsource\\mck_website\\views.py'] : HomePage.get
2025-08-26 11:46:17,845 INFO <QueryDict: {}>
2025-08-26 11:46:17,870 INFO *******Finished function ['G:\\square_box\\appsource\\mck_website\\views.py'] : HomePage.get in 0:00:00.025715 seconds
2025-08-26 11:46:51,702 INFO *******Starting function ['G:\\square_box\\appsource\\mck_website\\views.py'] : EnquiryCreatePage.get
2025-08-26 11:46:51,702 INFO <QueryDict: {}>
2025-08-26 11:46:51,702 INFO *******Finished function ['G:\\square_box\\appsource\\mck_website\\views.py'] : EnquiryCreatePage.get in 0:00:00 seconds
2025-08-26 11:46:57,955 INFO *******Starting function ['G:\\square_box\\appsource\\mck_website\\views.py'] : HomePage.get
2025-08-26 11:46:57,957 INFO <QueryDict: {}>
2025-08-26 11:46:57,986 INFO *******Finished function ['G:\\square_box\\appsource\\mck_website\\views.py'] : HomePage.get in 0:00:00.030983 seconds
2025-08-26 11:49:34,038 INFO *******Starting function ['G:\\square_box\\appsource\\mck_website\\views.py'] : HomePage.get
2025-08-26 11:49:34,040 INFO <QueryDict: {}>
2025-08-26 11:49:34,058 INFO *******Finished function ['G:\\square_box\\appsource\\mck_website\\views.py'] : HomePage.get in 0:00:00.019989 seconds
2025-08-26 11:51:25,153 INFO *******Starting function ['G:\\square_box\\appsource\\mck_website\\views.py'] : HomePage.get
2025-08-26 11:51:25,154 INFO <QueryDict: {}>
2025-08-26 11:51:25,186 INFO *******Finished function ['G:\\square_box\\appsource\\mck_website\\views.py'] : HomePage.get in 0:00:00.032981 seconds
2025-08-26 11:51:58,072 INFO *******Starting function ['G:\\square_box\\appsource\\mck_website\\views.py'] : HomePage.get
2025-08-26 11:51:58,073 INFO <QueryDict: {}>
2025-08-26 11:51:58,159 INFO *******Finished function ['G:\\square_box\\appsource\\mck_website\\views.py'] : HomePage.get in 0:00:00.086951 seconds
2025-08-26 12:07:12,694 INFO *******Starting function ['G:\\square_box\\appsource\\mck_website\\views.py'] : EnquiryCreatePage.get
2025-08-26 12:07:12,694 INFO <QueryDict: {}>
2025-08-26 12:07:12,698 INFO *******Finished function ['G:\\square_box\\appsource\\mck_website\\views.py'] : EnquiryCreatePage.get in 0:00:00.003760 seconds
2025-08-26 12:08:39,304 INFO *******Starting function ['G:\\square_box\\appsource\\mck_website\\views.py'] : HomePage.get
2025-08-26 12:08:39,304 INFO <QueryDict: {}>
2025-08-26 12:08:39,357 INFO *******Finished function ['G:\\square_box\\appsource\\mck_website\\views.py'] : HomePage.get in 0:00:00.053010 seconds
